  drawacube.cpp
d:\users\user\documents\github\gep1\gep1\drawacube.h(2): fatal error C1083: Cannot open include file: 'GL2/glew.h': No such file or directory
  drawaline.cpp
d:\users\user\documents\github\gep1\gep1\drawaline.h(2): fatal error C1083: Cannot open include file: 'GL2/glew.h': No such file or directory
  drawasphere.cpp
d:\users\user\documents\github\gep1\gep1\drawasphere.cpp(2): fatal error C1083: Cannot open include file: 'GL2/glew.h': No such file or directory
  drawaspot.cpp
d:\users\user\documents\github\gep1\gep1\drawaspot.h(2): fatal error C1083: Cannot open include file: 'GL2/glew.h': No such file or directory
  imageloader.cpp
  imgui.cpp
  imgui_demo.cpp
  imgui_draw.cpp
  imgui_impl_glut.cpp
d:\users\user\documents\github\gep1\gep1\imgui_impl_glut.cpp(11): fatal error C1083: Cannot open include file: 'GL/freeglut.h': No such file or directory
  main.cpp
d:\users\user\documents\github\gep1\gep1\window.h(3): fatal error C1083: Cannot open include file: 'GL2/glew.h': No such file or directory
  md2model.cpp
d:\users\user\documents\github\gep1\gep1\md2model.h(11): fatal error C1083: Cannot open include file: 'GL/glut.h': No such file or directory
  QuestManager.cpp
d:\users\user\documents\github\gep1\gep1\questmanager.h(3): fatal error C1083: Cannot open include file: 'GL2\glew.h': No such file or directory
  vec3f.cpp
  window.cpp
d:\users\user\documents\github\gep1\gep1\window.h(3): fatal error C1083: Cannot open include file: 'GL2/glew.h': No such file or directory
  Generating Code...
